<?xml version="1.0" encoding="UTF-8"?>
<testsuite name="ru.nsu.seleznev.a.VertexTest" tests="5" skipped="0" failures="0" errors="0" timestamp="2022-11-02T06:49:09" hostname="LAPTOP-BVLM46TG" time="0.058">
  <properties/>
  <testcase name="getValueTest()" classname="ru.nsu.seleznev.a.VertexTest" time="0.039"/>
  <testcase name="valueTest()" classname="ru.nsu.seleznev.a.VertexTest" time="0.001"/>
  <testcase name="getNameTest()" classname="ru.nsu.seleznev.a.VertexTest" time="0.006"/>
  <testcase name="hashCodeTest()" classname="ru.nsu.seleznev.a.VertexTest" time="0.003"/>
  <testcase name="vertexEqualsTest()" classname="ru.nsu.seleznev.a.VertexTest" time="0.001"/>
  <system-out><![CDATA[]]></system-out>
  <system-err><![CDATA[]]></system-err>
</testsuite>
