<?xml version="1.0" encoding="UTF-8"?>
<testsuite name="a.seleznev.nsu.EdgeTest" tests="5" skipped="0" failures="0" errors="0" timestamp="2022-11-01T04:50:05" hostname="LAPTOP-BVLM46TG" time="0.055">
  <properties/>
  <testcase name="getStartTest()" classname="a.seleznev.nsu.EdgeTest" time="0.042"/>
  <testcase name="getWeightTest()" classname="a.seleznev.nsu.EdgeTest" time="0.001"/>
  <testcase name="edgeEqualsTest()" classname="a.seleznev.nsu.EdgeTest" time="0.005"/>
  <testcase name="getEndTest()" classname="a.seleznev.nsu.EdgeTest" time="0.001"/>
  <testcase name="complexTest()" classname="a.seleznev.nsu.EdgeTest" time="0.001"/>
  <system-out><![CDATA[]]></system-out>
  <system-err><![CDATA[]]></system-err>
</testsuite>
